0 info it worked if it ends with ok
1 verbose cli [ '/usr/local/Cellar/node/5.8.0/bin/node',
1 verbose cli   '/usr/local/bin/npm',
1 verbose cli   'i' ]
2 info using npm@3.7.3
3 info using node@v5.8.0
4 silly loadCurrentTree Starting
5 silly install loadCurrentTree
6 silly install readLocalPackageData
7 silly install normalizeTree
8 silly loadCurrentTree Finishing
9 silly loadIdealTree Starting
10 silly install loadIdealTree
11 silly cloneCurrentTree Starting
12 silly install cloneCurrentTreeToIdealTree
13 silly cloneCurrentTree Finishing
14 silly loadShrinkwrap Starting
15 silly install loadShrinkwrap
16 silly loadShrinkwrap Finishing
17 silly loadAllDepsIntoIdealTree Starting
18 silly install loadAllDepsIntoIdealTree
19 silly fetchNamedPackageData faker
20 silly mapToRegistry name faker
21 silly mapToRegistry using default registry
22 silly mapToRegistry registry https://registry.npmjs.org/
23 silly mapToRegistry uri https://registry.npmjs.org/faker
24 verbose request uri https://registry.npmjs.org/faker
25 verbose request no auth needed
26 info attempt registry request try #1 at 8:41:49 PM
27 verbose request id f38c9ee4e8f05d89
28 verbose etag "B9JBP0ZRT9HLO4L3VFFCKMDLT"
29 http request GET https://registry.npmjs.org/faker
30 http 304 https://registry.npmjs.org/faker
31 verbose headers { date: 'Thu, 25 Aug 2016 13:41:50 GMT',
31 verbose headers   via: '1.1 varnish',
31 verbose headers   'cache-control': 'max-age=300',
31 verbose headers   etag: '"B9JBP0ZRT9HLO4L3VFFCKMDLT"',
31 verbose headers   age: '79',
31 verbose headers   connection: 'keep-alive',
31 verbose headers   'x-served-by': 'cache-hkg6824-HKG',
31 verbose headers   'x-cache': 'HIT',
31 verbose headers   'x-cache-hits': '1',
31 verbose headers   'x-timer': 'S1472132510.222824,VS0,VE0',
31 verbose headers   vary: 'Accept-Encoding' }
32 silly get cb [ 304,
32 silly get   { date: 'Thu, 25 Aug 2016 13:41:50 GMT',
32 silly get     via: '1.1 varnish',
32 silly get     'cache-control': 'max-age=300',
32 silly get     etag: '"B9JBP0ZRT9HLO4L3VFFCKMDLT"',
32 silly get     age: '79',
32 silly get     connection: 'keep-alive',
32 silly get     'x-served-by': 'cache-hkg6824-HKG',
32 silly get     'x-cache': 'HIT',
32 silly get     'x-cache-hits': '1',
32 silly get     'x-timer': 'S1472132510.222824,VS0,VE0',
32 silly get     vary: 'Accept-Encoding' } ]
33 verbose etag https://registry.npmjs.org/faker from cache
34 verbose get saving faker to /Users/itai/.npm/registry.npmjs.org/faker/.cache.json
35 verbose correctMkdir /Users/itai/.npm correctMkdir not in flight; initializing
36 silly fetchPackageMetaData Error: No compatible version found: faker@0.7.2
36 silly fetchPackageMetaData Valid install targets:
36 silly fetchPackageMetaData 3.1.0, 3.0.1, 3.0.0, 2.1.5, 2.1.4, 2.1.3, 2.1.2, 2.1.1, 2.1.0, 2.0.3, 2.0.2, 2.0.1, 2.0.0, 1.1.0, 1.0.1, 1.0.0
36 silly fetchPackageMetaData
36 silly fetchPackageMetaData     at pickVersionFromRegistryDocument (/usr/local/lib/node_modules/npm/lib/fetch-package-metadata.js:156:16)
36 silly fetchPackageMetaData     at /usr/local/lib/node_modules/npm/node_modules/iferr/index.js:13:50
36 silly fetchPackageMetaData     at /usr/local/lib/node_modules/npm/lib/utils/pulse-till-done.js:19:8
36 silly fetchPackageMetaData     at saved (/usr/local/lib/node_modules/npm/lib/cache/caching-client.js:168:7)
36 silly fetchPackageMetaData     at /usr/local/lib/node_modules/npm/node_modules/graceful-fs/polyfills.js:210:7
36 silly fetchPackageMetaData     at FSReqWrap.oncomplete (fs.js:82:15)
36 silly fetchPackageMetaData  error for faker@0.7.2 [Error: No compatible version found: faker@0.7.2
36 silly fetchPackageMetaData Valid install targets:
36 silly fetchPackageMetaData 3.1.0, 3.0.1, 3.0.0, 2.1.5, 2.1.4, 2.1.3, 2.1.2, 2.1.1, 2.1.0, 2.0.3, 2.0.2, 2.0.1, 2.0.0, 1.1.0, 1.0.1, 1.0.0
36 silly fetchPackageMetaData ]
37 silly rollbackFailedOptional Starting
38 silly rollbackFailedOptional Finishing
39 silly runTopLevelLifecycles Starting
40 silly runTopLevelLifecycles Finishing
41 silly install printInstalled
42 verbose stack Error: No compatible version found: faker@0.7.2
42 verbose stack Valid install targets:
42 verbose stack 3.1.0, 3.0.1, 3.0.0, 2.1.5, 2.1.4, 2.1.3, 2.1.2, 2.1.1, 2.1.0, 2.0.3, 2.0.2, 2.0.1, 2.0.0, 1.1.0, 1.0.1, 1.0.0
42 verbose stack
42 verbose stack     at pickVersionFromRegistryDocument (/usr/local/lib/node_modules/npm/lib/fetch-package-metadata.js:156:16)
42 verbose stack     at /usr/local/lib/node_modules/npm/node_modules/iferr/index.js:13:50
42 verbose stack     at /usr/local/lib/node_modules/npm/lib/utils/pulse-till-done.js:19:8
42 verbose stack     at saved (/usr/local/lib/node_modules/npm/lib/cache/caching-client.js:168:7)
42 verbose stack     at /usr/local/lib/node_modules/npm/node_modules/graceful-fs/polyfills.js:210:7
42 verbose stack     at FSReqWrap.oncomplete (fs.js:82:15)
43 verbose cwd /Users/itai/Documents/projects/hms
44 error Darwin 15.6.0
45 error argv "/usr/local/Cellar/node/5.8.0/bin/node" "/usr/local/bin/npm" "i"
46 error node v5.8.0
47 error npm  v3.7.3
48 error No compatible version found: faker@0.7.2
48 error Valid install targets:
48 error 3.1.0, 3.0.1, 3.0.0, 2.1.5, 2.1.4, 2.1.3, 2.1.2, 2.1.1, 2.1.0, 2.0.3, 2.0.2, 2.0.1, 2.0.0, 1.1.0, 1.0.1, 1.0.0
49 error If you need help, you may report this error at:
49 error     <https://github.com/npm/npm/issues>
50 verbose exit [ 1, true ]
